{
  "stats": {
    "suites": 3,
    "tests": 3,
    "passes": 3,
    "pending": 0,
    "failures": 0,
    "start": "2022-05-17T19:56:18.629Z",
    "end": "2022-05-17T19:57:24.893Z",
    "duration": 66264,
    "testsRegistered": 3,
    "passPercent": 100,
    "pendingPercent": 0,
    "other": 0,
    "hasOther": false,
    "skipped": 0,
    "hasSkipped": false
  },
  "results": [
    {
      "uuid": "43a8a1f9-03e0-4e43-a21b-2ef07ecdc33c",
      "title": "",
      "fullFile": "cypress/integration/ProdTests/ShopkeeperRegistration.spec.js",
      "file": "cypress/integration/ProdTests/ShopkeeperRegistration.spec.js",
      "beforeHooks": [],
      "afterHooks": [],
      "tests": [],
      "suites": [
        {
          "uuid": "06949cdc-7d93-4a5e-af19-8495fd932f41",
          "title": "Register",
          "fullFile": "",
          "file": "",
          "beforeHooks": [],
          "afterHooks": [],
          "tests": [],
          "suites": [
            {
              "uuid": "4acc05d3-f915-4de9-81b2-04becfdd0523",
              "title": "when I leave field information blank",
              "fullFile": "",
              "file": "",
              "beforeHooks": [],
              "afterHooks": [],
              "tests": [
                {
                  "title": "Name and phone without filling",
                  "fullTitle": "Register when I leave field information blank Name and phone without filling",
                  "timedOut": null,
                  "duration": 26269,
                  "state": "passed",
                  "speed": "slow",
                  "pass": true,
                  "fail": false,
                  "pending": false,
                  "context": null,
                  "code": "registerPage.clickButtonNext();\nregisterPage.alert.haveText('Adicione o nome da pessoa de contato');\nregisterPage.alert.haveText('Forneça um número de telefone com DDD válido');",
                  "err": {},
                  "uuid": "e42686d8-5474-436c-b235-34239caeac53",
                  "parentUUID": "4acc05d3-f915-4de9-81b2-04becfdd0523",
                  "isHook": false,
                  "skipped": false
                },
                {
                  "title": "CPF, CNPJ, Email and password without filling",
                  "fullTitle": "Register when I leave field information blank CPF, CNPJ, Email and password without filling",
                  "timedOut": null,
                  "duration": 18331,
                  "state": "passed",
                  "speed": "slow",
                  "pass": true,
                  "fail": false,
                  "pending": false,
                  "context": null,
                  "code": "registerPage.registerFormRetailer(user);\nregisterPage.clickButtonNext();\nregisterPage.clickButtonSubmit();\nregisterPage.alert.haveText('Adicione o seu CPF');\nregisterPage.alert.haveText('CPF é inválido, favor validar os números informados');\nregisterPage.alert.haveText('Adicione o seu CNPJ');\nregisterPage.alert.haveText('CNPJ é inválido, favor validar os números informados');\nregisterPage.alert.haveText('Insira um e-mail');\nregisterPage.alert.haveText('Insira uma senha');\nregisterPage.alert.haveText('Insira uma senha com mais de 6 caracteres');\nregisterPage.alert.haveText('Necessário que aceite os termos e condições');",
                  "err": {},
                  "uuid": "47319ed4-a879-4092-8540-c3f37016807d",
                  "parentUUID": "4acc05d3-f915-4de9-81b2-04becfdd0523",
                  "isHook": false,
                  "skipped": false
                }
              ],
              "suites": [],
              "passes": [
                "e42686d8-5474-436c-b235-34239caeac53",
                "47319ed4-a879-4092-8540-c3f37016807d"
              ],
              "failures": [],
              "pending": [],
              "skipped": [],
              "duration": 44600,
              "root": false,
              "rootEmpty": false,
              "_timeout": 2000
            },
            {
              "uuid": "dd6d97f0-cac6-43d4-b2a5-daab50f85e48",
              "title": "when the password is less than 6 characters",
              "fullFile": "",
              "file": "",
              "beforeHooks": [],
              "afterHooks": [],
              "tests": [
                {
                  "title": "must not register with the password",
                  "fullTitle": "Register when the password is less than 6 characters must not register with the password",
                  "timedOut": null,
                  "duration": 21278,
                  "state": "passed",
                  "speed": "slow",
                  "pass": true,
                  "fail": false,
                  "pending": false,
                  "context": null,
                  "code": "const user = {\n  name: 'QA Inventa',\n  phone: '+55 11 99999 9999',\n  cpf: '682.004.240-06',\n  cnpj: '92.307.631/0001-76',\n  email: 'inventa@inventa.com'\n};\nregisterPage.registerFormRetailer(user);\nregisterPage.clickButtonNext();\npasswords.forEach(password => {\n  user.password = password;\n  registerPage.registerFormRetailerDetails(user);\n  registerPage.clickTermsAndConditions();\n  registerPage.clickButtonSubmit();\n});",
                  "err": {},
                  "uuid": "cbb7711a-3be5-464c-9b70-cd5139b4c9a8",
                  "parentUUID": "dd6d97f0-cac6-43d4-b2a5-daab50f85e48",
                  "isHook": false,
                  "skipped": false
                }
              ],
              "suites": [],
              "passes": [
                "cbb7711a-3be5-464c-9b70-cd5139b4c9a8"
              ],
              "failures": [],
              "pending": [],
              "skipped": [],
              "duration": 21278,
              "root": false,
              "rootEmpty": false,
              "_timeout": 2000
            }
          ],
          "passes": [],
          "failures": [],
          "pending": [],
          "skipped": [],
          "duration": 0,
          "root": false,
          "rootEmpty": false,
          "_timeout": 2000
        }
      ],
      "passes": [],
      "failures": [],
      "pending": [],
      "skipped": [],
      "duration": 0,
      "root": true,
      "rootEmpty": true,
      "_timeout": 2000
    }
  ],
  "meta": {
    "mocha": {
      "version": "7.0.1"
    },
    "mochawesome": {
      "options": {
        "quiet": false,
        "reportFilename": "mochawesome",
        "saveHtml": false,
        "saveJson": true,
        "consoleReporter": "spec",
        "useInlineDiffs": false,
        "code": true
      },
      "version": "6.3.1"
    },
    "marge": {
      "options": {
        "overwrite": false,
        "html": false,
        "json": true,
        "charts": true,
        "reportPageTitle": "My Test Suite",
        "embeddedScreenshots": true,
        "inlineAssets": true
      },
      "version": "5.2.0"
    }
  }
}