{
  "stats": {
    "suites": 3,
    "tests": 3,
    "passes": 3,
    "pending": 0,
    "failures": 0,
    "start": "2022-05-17T20:10:18.255Z",
    "end": "2022-05-17T20:11:41.204Z",
    "duration": 82949,
    "testsRegistered": 3,
    "passPercent": 100,
    "pendingPercent": 0,
    "other": 0,
    "hasOther": false,
    "skipped": 0,
    "hasSkipped": false
  },
  "results": [
    {
      "uuid": "e371484f-5483-4dcb-8691-a1bf1eeecbc7",
      "title": "",
      "fullFile": "cypress/integration/ProdTests/ShopkeeperRegistration.spec.js",
      "file": "cypress/integration/ProdTests/ShopkeeperRegistration.spec.js",
      "beforeHooks": [],
      "afterHooks": [],
      "tests": [],
      "suites": [
        {
          "uuid": "4ac06a4b-3b55-462e-91cb-c8c4ebe2c676",
          "title": "Register",
          "fullFile": "",
          "file": "",
          "beforeHooks": [],
          "afterHooks": [],
          "tests": [],
          "suites": [
            {
              "uuid": "c6730275-4451-49cb-82ae-0f3d41bd151c",
              "title": "when I leave field information blank",
              "fullFile": "",
              "file": "",
              "beforeHooks": [],
              "afterHooks": [],
              "tests": [
                {
                  "title": "Name and phone without filling",
                  "fullTitle": "Register when I leave field information blank Name and phone without filling",
                  "timedOut": null,
                  "duration": 30084,
                  "state": "passed",
                  "speed": "slow",
                  "pass": true,
                  "fail": false,
                  "pending": false,
                  "context": null,
                  "code": "registerPage.clickButtonNext();\nregisterPage.alert.haveText('Adicione o nome da pessoa de contato');\nregisterPage.alert.haveText('Forneça um número de telefone com DDD válido');",
                  "err": {},
                  "uuid": "1803a589-8d54-4409-9dd0-218588b2c0db",
                  "parentUUID": "c6730275-4451-49cb-82ae-0f3d41bd151c",
                  "isHook": false,
                  "skipped": false
                },
                {
                  "title": "CPF, CNPJ, Email and password without filling",
                  "fullTitle": "Register when I leave field information blank CPF, CNPJ, Email and password without filling",
                  "timedOut": null,
                  "duration": 23841,
                  "state": "passed",
                  "speed": "slow",
                  "pass": true,
                  "fail": false,
                  "pending": false,
                  "context": null,
                  "code": "registerPage.registerFormRetailer(user);\nregisterPage.clickButtonNext();\nregisterPage.clickButtonSubmit();\nregisterPage.alert.haveText('Adicione o seu CPF');\nregisterPage.alert.haveText('CPF é inválido, favor validar os números informados');\nregisterPage.alert.haveText('Adicione o seu CNPJ');\nregisterPage.alert.haveText('CNPJ é inválido, favor validar os números informados');\nregisterPage.alert.haveText('Insira um e-mail');\nregisterPage.alert.haveText('Insira uma senha');\nregisterPage.alert.haveText('Insira uma senha com mais de 6 caracteres');\nregisterPage.alert.haveText('Necessário que aceite os termos e condições');",
                  "err": {},
                  "uuid": "d8c093a0-c739-427d-94f0-bfaab1cd819e",
                  "parentUUID": "c6730275-4451-49cb-82ae-0f3d41bd151c",
                  "isHook": false,
                  "skipped": false
                }
              ],
              "suites": [],
              "passes": [
                "1803a589-8d54-4409-9dd0-218588b2c0db",
                "d8c093a0-c739-427d-94f0-bfaab1cd819e"
              ],
              "failures": [],
              "pending": [],
              "skipped": [],
              "duration": 53925,
              "root": false,
              "rootEmpty": false,
              "_timeout": 2000
            },
            {
              "uuid": "df2dc021-2a6c-47bc-9eb9-004831361ad6",
              "title": "when the password is less than 6 characters",
              "fullFile": "",
              "file": "",
              "beforeHooks": [],
              "afterHooks": [],
              "tests": [
                {
                  "title": "must not register with the password",
                  "fullTitle": "Register when the password is less than 6 characters must not register with the password",
                  "timedOut": null,
                  "duration": 28612,
                  "state": "passed",
                  "speed": "slow",
                  "pass": true,
                  "fail": false,
                  "pending": false,
                  "context": null,
                  "code": "const user = {\n  name: 'QA Inventa',\n  phone: '+55 11 99999 9999',\n  cpf: '682.004.240-06',\n  cnpj: '92.307.631/0001-76',\n  email: 'inventa@inventa.com'\n};\nregisterPage.registerFormRetailer(user);\nregisterPage.clickButtonNext();\npasswords.forEach(password => {\n  user.password = password;\n  registerPage.registerFormRetailerDetails(user);\n  registerPage.clickTermsAndConditions();\n  registerPage.clickButtonSubmit();\n});",
                  "err": {},
                  "uuid": "5117683d-1467-4717-b33c-30c13f3adffa",
                  "parentUUID": "df2dc021-2a6c-47bc-9eb9-004831361ad6",
                  "isHook": false,
                  "skipped": false
                }
              ],
              "suites": [],
              "passes": [
                "5117683d-1467-4717-b33c-30c13f3adffa"
              ],
              "failures": [],
              "pending": [],
              "skipped": [],
              "duration": 28612,
              "root": false,
              "rootEmpty": false,
              "_timeout": 2000
            }
          ],
          "passes": [],
          "failures": [],
          "pending": [],
          "skipped": [],
          "duration": 0,
          "root": false,
          "rootEmpty": false,
          "_timeout": 2000
        }
      ],
      "passes": [],
      "failures": [],
      "pending": [],
      "skipped": [],
      "duration": 0,
      "root": true,
      "rootEmpty": true,
      "_timeout": 2000
    }
  ],
  "meta": {
    "mocha": {
      "version": "7.0.1"
    },
    "mochawesome": {
      "options": {
        "quiet": false,
        "reportFilename": "mochawesome",
        "saveHtml": false,
        "saveJson": true,
        "consoleReporter": "spec",
        "useInlineDiffs": false,
        "code": true
      },
      "version": "6.3.1"
    },
    "marge": {
      "options": {
        "overwrite": false,
        "html": false,
        "json": true,
        "charts": true,
        "reportPageTitle": "My Test Suite",
        "embeddedScreenshots": true,
        "inlineAssets": true
      },
      "version": "5.2.0"
    }
  }
}