{
  "stats": {
    "suites": 1,
    "tests": 3,
    "passes": 3,
    "pending": 0,
    "failures": 0,
    "start": "2022-05-17T20:08:38.661Z",
    "end": "2022-05-17T20:10:00.598Z",
    "duration": 81937,
    "testsRegistered": 3,
    "passPercent": 100,
    "pendingPercent": 0,
    "other": 0,
    "hasOther": false,
    "skipped": 0,
    "hasSkipped": false
  },
  "results": [
    {
      "uuid": "843cace3-63dd-4913-8a95-80a17de2073b",
      "title": "",
      "fullFile": "cypress/integration/ProdTests/ProdProductsTest.spec.js",
      "file": "cypress/integration/ProdTests/ProdProductsTest.spec.js",
      "beforeHooks": [],
      "afterHooks": [],
      "tests": [],
      "suites": [
        {
          "uuid": "fd1f5810-a7f5-46dc-b608-fe9f587ea47a",
          "title": "Testing search feature",
          "fullFile": "",
          "file": "",
          "beforeHooks": [],
          "afterHooks": [],
          "tests": [
            {
              "title": "Will search for shampoo transparente and expect to don't get a product",
              "fullTitle": "Testing search feature Will search for shampoo transparente and expect to don't get a product",
              "timedOut": null,
              "duration": 35552,
              "state": "passed",
              "speed": "slow",
              "pass": true,
              "fail": false,
              "pending": false,
              "context": null,
              "code": "cy.get('.modal-closer').first().click();\ncy.get('.search-bar__input-wrapper').first().type('Shampoo transparente{enter}');\ncy.contains('Ver preço');\ncy.contains('a', 'Shampoo claro e transparente').should('have.length', 0);",
              "err": {},
              "uuid": "dc7db672-5753-4c35-8396-baf3f12b6c1c",
              "parentUUID": "fd1f5810-a7f5-46dc-b608-fe9f587ea47a",
              "isHook": false,
              "skipped": false
            },
            {
              "title": "Will search for Perfume transparente and expect to don't get a product",
              "fullTitle": "Testing search feature Will search for Perfume transparente and expect to don't get a product",
              "timedOut": null,
              "duration": 28872,
              "state": "passed",
              "speed": "slow",
              "pass": true,
              "fail": false,
              "pending": false,
              "context": null,
              "code": "cy.get('.search-bar__input-wrapper').type('Perfume transparente{enter}');\ncy.get('.modal-closer').first().click();\ncy.contains('a', 'Perfume transparente').should('have.length', 0);",
              "err": {},
              "uuid": "3d14f75b-f9fb-426e-b55d-909196dafdc9",
              "parentUUID": "fd1f5810-a7f5-46dc-b608-fe9f587ea47a",
              "isHook": false,
              "skipped": false
            },
            {
              "title": "Will search for Batom líquido transparente and expect to don't get a product ",
              "fullTitle": "Testing search feature Will search for Batom líquido transparente and expect to don't get a product ",
              "timedOut": null,
              "duration": 17217,
              "state": "passed",
              "speed": "slow",
              "pass": true,
              "fail": false,
              "pending": false,
              "context": null,
              "code": "cy.get('.search-bar__input-wrapper').type('Batom líquido transparente{enter}');\ncy.get('.modal-closer').first().click();\ncy.contains('Ver preço');\ncy.contains('a', 'Batom líquido transparente').should('have.length', 0);",
              "err": {},
              "uuid": "c3d0a602-a1be-4763-8163-8b5a915f7634",
              "parentUUID": "fd1f5810-a7f5-46dc-b608-fe9f587ea47a",
              "isHook": false,
              "skipped": false
            }
          ],
          "suites": [],
          "passes": [
            "dc7db672-5753-4c35-8396-baf3f12b6c1c",
            "3d14f75b-f9fb-426e-b55d-909196dafdc9",
            "c3d0a602-a1be-4763-8163-8b5a915f7634"
          ],
          "failures": [],
          "pending": [],
          "skipped": [],
          "duration": 81641,
          "root": false,
          "rootEmpty": false,
          "_timeout": 2000
        }
      ],
      "passes": [],
      "failures": [],
      "pending": [],
      "skipped": [],
      "duration": 0,
      "root": true,
      "rootEmpty": true,
      "_timeout": 2000
    }
  ],
  "meta": {
    "mocha": {
      "version": "7.0.1"
    },
    "mochawesome": {
      "options": {
        "quiet": false,
        "reportFilename": "mochawesome",
        "saveHtml": false,
        "saveJson": true,
        "consoleReporter": "spec",
        "useInlineDiffs": false,
        "code": true
      },
      "version": "6.3.1"
    },
    "marge": {
      "options": {
        "overwrite": false,
        "html": false,
        "json": true,
        "charts": true,
        "reportPageTitle": "My Test Suite",
        "embeddedScreenshots": true,
        "inlineAssets": true
      },
      "version": "5.2.0"
    }
  }
}